<?xml version="1.0" encoding="UTF-8"?>
<!-- Generated by org.testng.reporters.JUnitReportReporter -->
<testsuite hostname="DESKTOP-JE9AC2C" failures="0" tests="2" name="com.qa.fitpeo.testcases.scrollTest" time="0.863" errors="0" timestamp="2024-11-27T10:06:10 PST" skipped="0">
  <testcase classname="com.qa.fitpeo.testcases.scrollTest" name="rev" time="0.769"/>
  <system-out/>
  <testcase classname="com.qa.fitpeo.testcases.scrollTest" name="scrslide" time="0.094"/>
  <system-out/>
</testsuite> <!-- com.qa.fitpeo.testcases.scrollTest -->
