<?xml version="1.0" encoding="UTF-8"?>
<!-- Generated by org.testng.reporters.JUnitReportReporter -->
<testsuite hostname="DESKTOP-JE9AC2C" failures="0" tests="3" name="com.qa.fitpeo.testcases.updateTextFieldTest" time="1.262" errors="0" timestamp="2024-11-27T10:23:08 PST" skipped="0">
  <testcase classname="com.qa.fitpeo.testcases.updateTextFieldTest" name="rev" time="0.800"/>
  <system-out/>
  <testcase classname="com.qa.fitpeo.testcases.updateTextFieldTest" name="scrslide" time="0.098"/>
  <system-out/>
  <testcase classname="com.qa.fitpeo.testcases.updateTextFieldTest" name="updateText" time="0.364"/>
  <system-out/>
</testsuite> <!-- com.qa.fitpeo.testcases.updateTextFieldTest -->
