<?xml version="1.0" encoding="UTF-8"?>
<!-- Generated by org.testng.reporters.JUnitReportReporter -->
<testsuite hostname="DESKTOP-JE9AC2C" failures="0" tests="3" name="com.qa.fitpeo.testcases.sliderTest" time="1.554" errors="0" timestamp="2024-11-27T10:11:11 PST" skipped="0">
  <testcase classname="com.qa.fitpeo.testcases.sliderTest" name="rev" time="0.989"/>
  <system-out/>
  <testcase classname="com.qa.fitpeo.testcases.sliderTest" name="scrslide" time="0.141"/>
  <system-out/>
  <testcase classname="com.qa.fitpeo.testcases.sliderTest" name="adslide" time="0.424"/>
  <system-out/>
</testsuite> <!-- com.qa.fitpeo.testcases.sliderTest -->
