<?xml version="1.0" encoding="UTF-8"?>
<!-- Generated by org.testng.reporters.JUnitReportReporter -->
<testsuite hostname="DESKTOP-JE9AC2C" failures="0" tests="2" name="com.qa.fitpeo.testcases.Home" time="3.070" errors="0" timestamp="2024-11-25T14:31:00 PST" skipped="0">
  <testcase classname="com.qa.fitpeo.testcases.Home" name="navigate" time="2.140"/>
  <system-out/>
  <testcase classname="com.qa.fitpeo.testcases.Home" name="RevenuePage" time="0.930"/>
  <system-out/>
</testsuite> <!-- com.qa.fitpeo.testcases.Home -->
