<?xml version="1.0" encoding="UTF-8"?>
<!-- Generated by org.testng.reporters.JUnitReportReporter -->
<testsuite hostname="DESKTOP-JE9AC2C" failures="0" tests="2" name="com.qa.fitpeo.testcases.cptCodeSelectTest" time="10.323" errors="0" timestamp="2024-11-27T10:07:37 PST" skipped="0">
  <testcase classname="com.qa.fitpeo.testcases.cptCodeSelectTest" name="revenuee" time="0.895"/>
  <system-out/>
  <testcase classname="com.qa.fitpeo.testcases.cptCodeSelectTest" name="scrAndClick" time="9.428"/>
  <system-out/>
</testsuite> <!-- com.qa.fitpeo.testcases.cptCodeSelectTest -->
